<?xml version="1.0" encoding="UTF-8"?>
<testng-results ignored="0" total="2" passed="2" failed="0" skipped="0">
  <reporter-output>
  </reporter-output>
  <suite started-at="2022-10-04T22:12:29 WIB" name="com.test.TestCobaAting" finished-at="2022-10-04T22:12:30 WIB" duration-ms="552">
    <groups>
    </groups>
    <test started-at="2022-10-04T22:12:29 WIB" name="Command line test" finished-at="2022-10-04T22:12:30 WIB" duration-ms="552">
      <class name="com.test.TestCobaAting">
        <test-method signature="testAdd()[pri:0, instance:com.test.TestCobaAting@4f51b3e0]" started-at="2022-10-04T22:12:29 WIB" name="testAdd" finished-at="2022-10-04T22:12:29 WIB" duration-ms="81" status="PASS">
          <reporter-output>
          </reporter-output>
        </test-method> <!-- testAdd -->
        <test-method signature="testSubstract()[pri:0, instance:com.test.TestCobaAting@4f51b3e0]" started-at="2022-10-04T22:12:29 WIB" name="testSubstract" finished-at="2022-10-04T22:12:29 WIB" duration-ms="2" status="PASS">
          <reporter-output>
          </reporter-output>
        </test-method> <!-- testSubstract -->
      </class> <!-- com.test.TestCobaAting -->
    </test> <!-- Command line test -->
  </suite> <!-- com.test.TestCobaAting -->
</testng-results>
